开始转换……
小程序路径:  C:/Users/qianj/Documents/GitHub/RinaChanBoard/RinaControl_wx
搜索到49个文件(含目录)，耗时：4ms

开始分析文件
分析文件信息完成，共20组数据
开始转换文件组为vue文件
转换进度: 1 / 40   fileKey：antmove.config
转换进度: 2 / 40   fileKey：app
转换进度: 3 / 40   fileKey：assets/expressions
转换进度: 4 / 40   fileKey：miniprogram_npm/base64-arraybuffer/index
转换进度: 5 / 40   fileKey：node_modules/base64-arraybuffer/dist/base64-arraybuffer.es5
转换进度: 6 / 40   fileKey：node_modules/base64-arraybuffer/dist/base64-arraybuffer.umd
转换进度: 7 / 40   fileKey：node_modules/base64-arraybuffer/dist/lib/index
转换进度: 8 / 40   fileKey：node_modules/base64-arraybuffer/dist/types/index.d
转换进度: 9 / 40   fileKey：node_modules/base64-arraybuffer/package
转换进度: 10 / 40   fileKey：node_modules/base64-arraybuffer/rollup.config
转换进度: 11 / 40   fileKey：package-lock
转换进度: 12 / 40   fileKey：package
转换进度: 13 / 40   fileKey：pages/index/index
转换进度: 14 / 40   fileKey：pages/logs/logs
转换进度: 15 / 40   fileKey：project.config
转换进度: 16 / 40   fileKey：project.private.config
转换进度: 17 / 40   fileKey：sitemap
转换进度: 18 / 40   fileKey：utils/encoding-indexes
转换进度: 19 / 40   fileKey：utils/encoding
转换进度: 20 / 40   fileKey：utils/util
开始二次遍历及生成vue文件
write pages.json success!
write manifest.json success!
write main.js success!
write package.json success!
write jsconfig.json success!


统计信息：

Component数量: 0
Page数量: 2
支付api数量: 0
登录api数量: 1
chooseMedia数量: 0
getLocation数量: 0
getRelationNodes数量: 0
<ad/>数量: 0
<map/>数量: 0
<video/>数量: 0
Vant组件: ， 数量：0

项目转换完成！
用时: 5.313s
工具版本：v2.2.3
在该小程序项目的同级目录可以看到_uni结尾的项目，即是转换好的uniapp项目，相关日志在该目录里。

！！！ 当前项目引用了npm模块，请转换完后，在命令行里运行“npm install”命令安装npm模块 ！！！

使用说明：
    1.因各种原因，本工具并非100%完美转换！部分语法仍需人工处理！
    2.工具转换原理及说明文档参考：https://l4rz4zwpx7.k.topthink.com/@kmrvzg72lx/
    3.如遇运行报错，请添加QQ群(五群：536178289)带图反馈或https://github.com/zhangdaren/miniprogram-to-uniapp提交Issue！
    4.转换后请查阅_uni目录或_uni-cli目录里的 README.md 和 transform.log


